<?xml version="1.0" encoding="UTF-8"?>
<!-- Generated by org.testng.reporters.JUnitReportReporter -->
<testsuite hostname="del1-lhp-n82164" failures="0" tests="1" name="Com.Automation.Test.TrainBookTest" time="18.570" errors="0" timestamp="2022-08-19T21:59:32 IST" skipped="0">
  <testcase classname="Com.Automation.Test.TrainBookTest" name="TicketBook" time="18.570"/>
  <system-out/>
</testsuite> <!-- Com.Automation.Test.TrainBookTest -->
