<?xml version="1.0" encoding="UTF-8"?>
<!-- Generated by org.testng.reporters.JUnitReportReporter -->
<testsuite hostname="del1-lhp-n82164" failures="0" tests="1" name="Com.Automation.Test.TrainTest" time="11.500" errors="0" timestamp="2022-08-19T18:35:39 IST" skipped="0">
  <testcase classname="Com.Automation.Test.TrainTest" name="TrainBook" time="11.500"/>
  <system-out/>
</testsuite> <!-- Com.Automation.Test.TrainTest -->
