<?xml version="1.0" encoding="UTF-8"?>
<!-- Generated by org.testng.reporters.JUnitReportReporter -->
<testsuite hostname="del1-lhp-n82164" failures="0" tests="1" name="Com.Automation.Test.HotelDetailTest" time="52.842" errors="0" timestamp="2022-08-21T18:19:33 IST" skipped="0">
  <testcase classname="Com.Automation.Test.HotelDetailTest" name="bookSuccess" time="52.842"/>
  <system-out/>
</testsuite> <!-- Com.Automation.Test.HotelDetailTest -->
