<?xml version="1.0" encoding="UTF-8"?>
<!-- Generated by org.testng.reporters.JUnitReportReporter -->
<testsuite hostname="del1-lhp-n82164" failures="0" tests="2" name="Com.Automation.Test.TrainInfo3Test" time="31.716" errors="0" timestamp="2022-08-22T11:50:23 IST" skipped="0">
  <testcase classname="Com.Automation.Test.TrainInfo3Test" name="bookTkt" time="17.250"/>
  <system-out/>
  <testcase classname="Com.Automation.Test.TrainInfo3Test" name="bookTkt" time="14.466"/>
  <system-out/>
</testsuite> <!-- Com.Automation.Test.TrainInfo3Test -->
