<?xml version="1.0" encoding="UTF-8"?>
<!-- Generated by org.testng.reporters.JUnitReportReporter -->
<testsuite hostname="del1-lhp-n82164" failures="0" tests="2" name="Com.Automation.Test.TrainInfo2Test" time="45.734" errors="0" timestamp="2022-08-22T11:24:34 IST" skipped="0">
  <testcase classname="Com.Automation.Test.TrainInfo2Test" name="bookSuccessful" time="20.876"/>
  <system-out/>
  <testcase classname="Com.Automation.Test.TrainInfo2Test" name="bookSuccessful" time="24.858"/>
  <system-out/>
</testsuite> <!-- Com.Automation.Test.TrainInfo2Test -->
