<?xml version="1.0" encoding="UTF-8"?>
<!-- Generated by org.testng.reporters.JUnitReportReporter -->
<testsuite hostname="del1-lhp-n82164" failures="0" tests="1" name="Com.Automation.Test.BookHotelTest" time="13.341" errors="0" timestamp="2022-08-21T12:19:49 IST" skipped="0">
  <testcase classname="Com.Automation.Test.BookHotelTest" name="hotelSuccessful" time="13.341"/>
  <system-out/>
</testsuite> <!-- Com.Automation.Test.BookHotelTest -->
