<?xml version="1.0" encoding="UTF-8"?>
<!-- Generated by org.testng.reporters.JUnitReportReporter -->
<testsuite hostname="del1-lhp-n82164" failures="0" tests="1" name="Com.Automation.Test.RegistrationTest" time="5.940" errors="0" timestamp="2022-08-19T13:44:53 IST" skipped="0">
  <testcase classname="Com.Automation.Test.RegistrationTest" name="registerSuccessful" time="5.940"/>
  <system-out/>
</testsuite> <!-- Com.Automation.Test.RegistrationTest -->
